{"level":"\u001b[32mhttp\u001b[39m","message":"\u001b[32mhello\u001b[39m","timestamp":"2022-07-07 19:59:31:5931"}
{
  message: '\x1B[32mhello\x1B[39m',
  level: '\x1B[32mhttp\x1B[39m',
  timestamp: '2022-07-07 20:00:07:07'
}
{
  message: '\x1B[32m::1 | GET  /jjj 404 58 - 4.037 ms\x1B[39m\n\x1B[32m\x1B[39m',
  level: '\x1B[32mhttp\x1B[39m',
  timestamp: '2022-07-07 20:00:43:043'
}
{
  message: '\x1B[32m::1 | GET  /jjj 404 58 - 3.293 ms\x1B[39m\n\x1B[32m\x1B[39m',
  level: '\x1B[32mhttp\x1B[39m',
  timestamp: '2022-07-07 20:02:00:20'
}
{
  message: '::1 | GET  /jjj 404 58 - 5.829 ms\n',
  level: 'http',
  timestamp: '2022-07-07 20:02:23:223'
}
{
  message: '::1 | GET  /jjj 404 58 - 3.905 ms\n',
  level: 'http',
  timestamp: '2022-07-07 20:03:08:38'
}
2022-07-07 20:03:35:335 | http : ::1 | GET  /jjj 404 58 - 2.102 ms
 
2022-07-07 20:06:49:649 | http : ::1 | GET  /api/delivery 200 26 - 4.002 ms
 
2022-07-07 20:06:56:656 | http : ::1 | GET  /api/package 404 58 - 0.855 ms
 
2022-07-07 20:07:13:713 | http : ::1 | GET  /api/package 200 26 - 7.826 ms
 
2022-07-07 20:07:56:756 | http : ::1 | GET  /api/users 404 58 - 0.582 ms
 
2022-07-07 20:08:05:85 | http : ::1 | GET  /api/package 200 26 - 3.480 ms
 
2022-07-07 20:11:03:113 | http : ::1 | POST  /api/package 400 473 - 40.996 ms
 
2022-07-07 20:11:40:1140 | http : ::1 | POST  /api/package 400 451 - 0.979 ms
 
2022-07-07 20:12:07:127 | http : ::1 | POST  /api/package 400 434 - 0.874 ms
 
2022-07-07 20:15:26:1526 | error : /api/package | POST | status: 400 | message : Bad request 
2022-07-07 20:15:26:1526 | http : ::1 | POST  /api/package 400 434 - 43.532 ms
 
2022-07-07 20:17:23:1723 | error : Ip:::1 | path: /api/package | POST | status: 400 | message : Bad request 
2022-07-07 20:17:23:1723 | http : ::1 | POST  /api/package 400 434 - 49.332 ms
 
2022-07-08 09:20:07:207 | error : Ip:::1 | path: /api/package | POST | status: 400 | message : Bad request 
2022-07-08 09:20:07:207 | http : ::1 | POST  /api/package 400 434 - 52.053 ms
 
2022-07-08 09:22:56:2256 | error : Ip:::1 | path: /api/package | POST | status: 400 | message : Bad request 
2022-07-08 09:22:56:2256 | http : ::1 | POST  /api/package 400 434 - 48.151 ms
 
2022-07-08 09:23:21:2321 | error : Ip:::1 | path: /api/package | POST | status: 400 | message : Bad request 
2022-07-08 09:23:21:2321 | http : ::1 | POST  /api/package 400 451 - 2.175 ms
 
2022-07-08 09:29:23:2923 | error : Ip:::1 | path: /api/package | POST | status: 400 | message : Bad request 
2022-07-08 09:29:23:2923 | http : ::1 | POST  /api/package 400 451 - 44.413 ms
 
2022-07-08 09:36:07:367 | error : Ip:::1 | path: /api/package | POST | status: 400 | message : Bad request 
2022-07-08 09:36:07:367 | http : ::1 | POST  /api/package 400 451 - 51.816 ms
 
2022-07-08 09:38:22:3822 | error : Ip:::1 | path: /api/package | POST | status: 400 | message : Bad request 
2022-07-08 09:38:22:3822 | http : ::1 | POST  /api/package 400 451 - 44.068 ms
 
2022-07-08 09:58:37:5837 | error : Ip:::1 | path: /api/package | POST | status: 400 | message : Bad request 
2022-07-08 09:58:37:5837 | http : ::1 | POST  /api/package 400 451 - 52.728 ms
 
2022-07-08 09:59:08:598 | error : Ip:::1 | path: /api/package | POST | status: 400 | message : Bad request 
2022-07-08 09:59:08:598 | http : ::1 | POST  /api/package 400 451 - 44.963 ms
 
2022-07-08 10:00:10:010 | error : Ip:::1 | path: /api/package | POST | status: 400 | message : Bad request 
2022-07-08 10:00:10:010 | http : ::1 | POST  /api/package 400 468 - 2.574 ms
 
2022-07-08 10:00:22:022 | error : Ip:::1 | path: /api/package | POST | status: 400 | message : Bad request 
2022-07-08 10:00:22:022 | http : ::1 | POST  /api/package 400 412 - 2.689 ms
 
2022-07-08 10:02:34:234 | error : Ip:::1 | path: /api/package | POST | status: 400 | message : Bad request 
2022-07-08 10:02:34:234 | http : ::1 | POST  /api/package 400 302 - 44.962 ms
 
2022-07-08 10:05:55:555 | error : Ip:::1 | path: /api/package | POST | status: 400 | message : Bad request 
2022-07-08 10:05:55:555 | http : ::1 | POST  /api/package 400 302 - 56.614 ms
 
2022-07-08 10:06:24:624 | error : Ip:::1 | path: /api/package | POST | status: 400 | message : Bad request 
2022-07-08 10:06:24:624 | http : ::1 | POST  /api/package 400 311 - 65.227 ms
 
2022-07-08 10:07:13:713 | error : Ip:::1 | path: /api/package | POST | status: 400 | message : Bad request 
2022-07-08 10:07:13:713 | http : ::1 | POST  /api/package 400 364 - 50.486 ms
 
2022-07-08 10:34:03:343 | error : Ip:::1 | path: /api/package | POST | status: 400 | message : Bad request 
2022-07-08 10:34:03:343 | http : ::1 | POST  /api/package 400 370 - 40.924 ms
 
2022-07-08 10:37:23:3723 | error : Ip:::1 | path: /api/package | POST | status: 400 | message : Bad request 
2022-07-08 10:37:23:3723 | http : ::1 | POST  /api/package 400 314 - 43.283 ms
 
2022-07-08 10:39:37:3937 | error : Ip:::1 | path: /api/package | POST | status: 400 | message : Bad request 
2022-07-08 10:39:37:3937 | http : ::1 | POST  /api/package 400 314 - 2.552 ms
 
2022-07-08 11:06:51:651 | error : Ip:::1 | path: /api/package | POST | status: 400 | message : Bad request 
2022-07-08 11:06:51:651 | http : ::1 | POST  /api/package 400 305 - 50.236 ms
 
2022-07-08 11:07:56:756 | error : Ip:::1 | path: /api/package | POST | status: 400 | message : Bad request 
2022-07-08 11:07:56:756 | http : ::1 | POST  /api/package 400 370 - 45.119 ms
 
2022-07-08 11:08:23:823 | error : Ip:::1 | path: /api/package | POST | status: 400 | message : Bad request 
2022-07-08 11:08:23:823 | http : ::1 | POST  /api/package 400 426 - 1.458 ms
 
2022-07-08 11:15:23:1523 | error : Ip:::1 | path: /api/package | POST | status: 400 | message : Some fields are invalid 
2022-07-08 11:15:23:1523 | http : ::1 | POST  /api/package 400 438 - 70.570 ms
 
2022-07-08 11:32:17:3217 | error : Ip:::1 | path: /api/package | POST | status: 400 | message : VALIDATION_ERROR 
2022-07-08 11:32:17:3217 | http : ::1 | POST  /api/package 400 431 - 47.683 ms
 
2022-07-08 11:51:42:5142 | error : Ip:::1 | path: /api/package/1 | GET | status: 500 | message : Oops ! An unexpected error occurred. 
2022-07-08 11:51:42:5142 | http : ::1 | GET  /api/package/1 500 91 - 14.776 ms
 
2022-07-08 11:53:48:5348 | error : Ip:::1 | path: /api/package/1 | GET | status: 500 | message : Oops ! An unexpected error occurred. 
2022-07-08 11:53:48:5348 | http : ::1 | GET  /api/package/1 500 91 - 15.190 ms
 
2022-07-08 11:54:20:5420 | error : Ip:::1 | path: /api/package/1 | GET | status: 404 | message : The provided id is not found 
2022-07-08 11:54:20:5420 | http : ::1 | GET  /api/package/1 404 83 - 12.199 ms
 
2022-07-08 11:56:55:5655 | error : Ip:::1 | path: /api/delivery/1 | GET | status: 404 | message : The provided id is not found 
2022-07-08 11:56:55:5655 | http : ::1 | GET  /api/delivery/1 404 83 - 12.407 ms
 
2022-07-08 11:57:02:572 | http : ::1 | GET  /api/delivery 200 26 - 3.818 ms
 
2022-07-08 12:29:07:297 | error : Ip:::1 | path: /api/delivery | GET | status: 401 | message : MISSING_TOKEN 
2022-07-08 12:29:07:297 | http : ::1 | GET  /api/delivery 401 68 - 10.443 ms
 
2022-07-08 15:19:59:1959 | error : Ip:::1 | path: /api/delivery | GET | status: 401 | message : MISSING_TOKEN 
2022-07-08 15:19:59:1959 | http : ::1 | GET  /api/delivery 401 68 - 8.825 ms
 
2022-07-08 15:35:52:3552 | error : Ip:::1 | path: /auth | POST | status: 400 | message : VALIDATION_ERROR 
2022-07-08 15:35:52:3552 | http : ::1 | POST  /auth 400 176 - 38.607 ms
 
2022-07-08 15:36:22:3622 | error : Ip:::1 | path: /auth | POST | status: 404 | message : INVALID_LOGIN 
2022-07-08 15:36:22:3622 | http : ::1 | POST  /auth 404 68 - 6.181 ms
 
2022-07-08 15:37:10:3710 | error : Ip:::1 | path: /auth | POST | status: 500 | message : Oops ! An unexpected error occurred. 
2022-07-08 15:37:10:3710 | http : ::1 | POST  /auth 500 91 - 88.473 ms
 
2022-07-08 15:38:19:3819 | error : Ip:::1 | path: /auth | POST | status: 500 | message : Oops ! An unexpected error occurred. 
2022-07-08 15:38:19:3819 | http : ::1 | POST  /auth 500 91 - 136.773 ms
 
2022-07-08 15:38:52:3852 | http : ::1 | POST  /auth 201 339 - 126.599 ms
 
2022-07-08 15:39:16:3916 | error : Ip:::1 | path: /api/delivery | GET | status: 401 | message : MISSING_TOKEN 
2022-07-08 15:39:16:3916 | http : ::1 | GET  /api/delivery 401 68 - 7.894 ms
 
2022-07-08 15:39:29:3929 | http : ::1 | GET  /api/delivery 200 26 - 5.332 ms
 
2022-07-08 15:39:52:3952 | error : Ip:::1 | path: /api/delivery/1 | GET | status: 404 | message : The provided id is not found 
2022-07-08 15:39:52:3952 | http : ::1 | GET  /api/delivery/1 404 83 - 5.665 ms
 
2022-07-08 15:39:57:3957 | http : ::1 | GET  /api/delivery 200 26 - 3.443 ms
 
2022-07-08 15:43:03:433 | http : ::1 | GET  /api/delivery 200 26 - 8.478 ms
 
2022-07-08 15:48:29:4829 | http : ::1 | POST  /auth 201 344 - 124.799 ms
 
2022-07-08 15:48:59:4859 | error : Ip:::1 | path: /api/package | GET | status: 403 | message : Access denied 
2022-07-08 15:48:59:4859 | http : ::1 | GET  /api/package 403 68 - 12.401 ms
 
2022-07-08 15:49:28:4928 | http : ::1 | GET  /api/package 200 26 - 10.136 ms
 
2022-07-08 15:56:10:5610 | http : ::1 | POST  /api/package 201 434 - 56.350 ms
 
2022-07-08 15:57:08:578 | http : ::1 | GET  /api/package 200 436 - 7.419 ms
 
2022-07-08 15:57:54:5754 | http : ::1 | PUT  /api/package/PK-WISURZ 200 442 - 16.534 ms
 
2022-07-08 15:58:09:589 | error : Ip:::1 | path: /api/package | POST | status: 500 | message : Oops ! An unexpected error occurred. 
2022-07-08 15:58:09:589 | http : ::1 | POST  /api/package 500 91 - 46.784 ms
 
2022-07-08 15:58:43:5843 | http : ::1 | POST  /api/package 201 442 - 58.527 ms
 
2022-07-08 15:59:01:591 | http : ::1 | POST  /api/package 500 148 - 24.667 ms
 
2022-07-08 15:59:24:5924 | http : ::1 | POST  /api/package 201 442 - 68.088 ms
 
2022-07-08 15:59:25:5925 | error : Ip:::1 | path: /api/package | POST | status: 500 | message : Oops ! An unexpected error occurred. 
2022-07-08 15:59:25:5925 | http : ::1 | POST  /api/package 500 91 - 40.153 ms
 
2022-07-08 16:03:52:352 | http : ::1 | POST  /api/package 201 442 - 52.146 ms
 
2022-07-08 16:03:53:353 | http : ::1 | POST  /api/package 201 442 - 4.610 ms
 
2022-07-08 16:03:54:354 | http : ::1 | POST  /api/package 201 442 - 5.367 ms
 
2022-07-08 16:03:55:355 | http : ::1 | POST  /api/package 201 442 - 4.380 ms
 
2022-07-08 16:04:09:49 | http : ::1 | DELETE  /api/package/PK-IWKTGU 200 442 - 9.473 ms
 
2022-07-08 16:04:27:427 | error : Ip:::1 | path: /api/package/PK-IWKTGU | GET | status: 404 | message : The provided id is not found 
2022-07-08 16:04:27:427 | http : ::1 | GET  /api/package/PK-IWKTGU 404 83 - 10.310 ms
 
2022-07-08 16:06:05:65 | http : ::1 | GET  /api/package 200 - - 11.682 ms
 
2022-07-08 16:06:33:633 | http : ::1 | PUT  /api/package/PK-DTHERB 200 456 - 58.812 ms
 
2022-07-08 16:06:41:641 | http : ::1 | DELETE  /api/package/PK-DTHERB 200 77 - 4.195 ms
 
2022-07-09 02:22:04:224 | error : Ip:::1 | path: /api/package/PK-DTHERB | GET | status: 404 | message : The provided id is not found 
2022-07-09 02:22:04:224 | http : ::1 | GET  /api/package/PK-DTHERB 404 83 - 17.902 ms
 
2022-07-09 02:22:23:2223 | http : ::1 | GET  /api/package 200 - - 12.338 ms
 
2022-07-09 02:26:06:266 | http : ::1 | POST  /api/delivery 201 169 - 59.287 ms
 
2022-07-09 02:26:18:2618 | http : ::1 | GET  /api/delivery 200 609 - 13.909 ms
 
2022-07-09 02:27:59:2759 | http : ::1 | GET  /api/delivery/DL-DUECPKRB 200 607 - 6.721 ms
 
2022-07-09 02:28:14:2814 | http : ::1 | PUT  /api/delivery/DL-DUECPKRB 200 170 - 10.666 ms
 
2022-07-09 02:28:21:2821 | http : ::1 | PUT  /api/delivery/DL-DUECPKRB 200 169 - 6.654 ms
 
2022-07-11 02:25:07:257 | http : ::1 | OPTIONS  /auth 200 13 - 6.505 ms
 
2022-07-11 02:25:08:258 | http : ::1 | POST  /auth 201 344 - 224.319 ms
 
2022-07-11 08:26:21:2621 | http : ::1 | OPTIONS  /auth 200 13 - 1.362 ms
 
2022-07-11 08:26:21:2621 | http : ::1 | POST  /auth 201 344 - 104.377 ms
 
2022-07-11 15:42:11:4211 | http : ::1 | OPTIONS  /auth 200 13 - 0.880 ms
 
2022-07-11 15:42:11:4211 | http : ::1 | POST  /auth 201 344 - 99.675 ms
 
2022-07-11 17:06:43:643 | http : ::1 | OPTIONS  /auth 200 13 - 2.843 ms
 
2022-07-11 17:06:44:644 | http : ::1 | POST  /auth 201 344 - 148.901 ms
 
2022-07-11 17:09:27:927 | http : ::1 | OPTIONS  /auth 200 13 - 3.620 ms
 
2022-07-11 17:09:28:928 | http : ::1 | POST  /auth 201 344 - 234.476 ms
 
2022-07-11 17:10:29:1029 | http : ::1 | OPTIONS  /auth 200 13 - 2.576 ms
 
2022-07-11 17:10:29:1029 | http : ::1 | POST  /auth 201 344 - 234.993 ms
 
2022-07-11 17:15:01:151 | http : ::1 | OPTIONS  /auth 200 13 - 2.132 ms
 
2022-07-11 17:15:01:151 | http : ::1 | POST  /auth 201 344 - 261.574 ms
 
2022-07-11 17:24:57:2457 | http : ::1 | OPTIONS  /auth 200 13 - 1.565 ms
 
2022-07-11 17:24:57:2457 | http : ::1 | POST  /auth 201 339 - 279.571 ms
 
2022-07-11 18:40:51:4051 | http : ::1 | OPTIONS  /auth 200 13 - 2.098 ms
 
2022-07-11 18:40:51:4051 | http : ::1 | POST  /auth 201 344 - 104.081 ms
 
2022-07-11 18:41:22:4122 | http : ::1 | OPTIONS  /auth 200 13 - 1.420 ms
 
2022-07-11 18:41:22:4122 | http : ::1 | POST  /auth 201 339 - 102.123 ms
 
2022-07-12 09:06:09:69 | http : ::1 | OPTIONS  /auth 200 13 - 0.762 ms
 
2022-07-12 09:06:09:69 | http : ::1 | POST  /auth 201 339 - 108.726 ms
 
2022-07-12 09:06:48:648 | http : ::ffff:127.0.0.1 | OPTIONS  /auth 200 13 - 0.608 ms
 
2022-07-12 09:06:48:648 | http : ::ffff:127.0.0.1 | POST  /auth 201 339 - 107.587 ms
 
2022-07-12 12:30:55:3055 | error : Ip:::1 | path: /api/package | OPTIONS | status: 401 | message : MISSING_TOKEN 
2022-07-12 12:30:55:3055 | http : ::1 | OPTIONS  /api/package 401 68 - 42.968 ms
 
2022-07-12 12:31:39:3139 | http : ::1 | OPTIONS  /auth 200 13 - 2.338 ms
 
2022-07-12 12:31:39:3139 | http : ::1 | POST  /auth 201 339 - 173.592 ms
 
2022-07-12 12:33:04:334 | error : Ip:::1 | path: /api/package | OPTIONS | status: 401 | message : MISSING_TOKEN 
2022-07-12 12:33:04:334 | http : ::1 | OPTIONS  /api/package 401 68 - 4.181 ms
 
2022-07-12 12:35:31:3531 | error : Ip:::1 | path: /api/package | OPTIONS | status: 401 | message : MISSING_TOKEN 
2022-07-12 12:35:31:3531 | http : ::1 | OPTIONS  /api/package 401 68 - 3.028 ms
 
2022-07-12 12:40:46:4046 | http : ::1 | OPTIONS  /auth 200 13 - 1.796 ms
 
2022-07-12 12:40:46:4046 | http : ::1 | POST  /auth 201 339 - 164.234 ms
 
2022-07-12 12:41:45:4145 | error : Ip:::1 | path: /api/package | OPTIONS | status: 401 | message : MISSING_TOKEN 
2022-07-12 12:41:45:4145 | http : ::1 | OPTIONS  /api/package 401 68 - 3.675 ms
 
2022-07-12 12:42:45:4245 | error : Ip:::1 | path: /api/package | OPTIONS | status: 401 | message : MISSING_TOKEN 
2022-07-12 12:42:45:4245 | http : ::1 | OPTIONS  /api/package 401 68 - 3.455 ms
 
2022-07-12 12:46:25:4625 | error : Ip:::1 | path: /api/package | OPTIONS | status: 401 | message : MISSING_TOKEN 
2022-07-12 12:46:25:4625 | http : ::1 | OPTIONS  /api/package 401 68 - 15.097 ms
 
2022-07-12 12:47:04:474 | error : Ip:::1 | path: /api/package | OPTIONS | status: 401 | message : MISSING_TOKEN 
2022-07-12 12:47:04:474 | http : ::1 | OPTIONS  /api/package 401 68 - 46.957 ms
 
2022-07-12 12:48:25:4825 | error : Ip:::1 | path: /api/package | OPTIONS | status: 401 | message : MISSING_TOKEN 
2022-07-12 12:48:25:4825 | http : ::1 | OPTIONS  /api/package 401 68 - 48.994 ms
 
2022-07-12 12:50:11:5011 | error : Ip:::1 | path: /api/package | OPTIONS | status: 401 | message : MISSING_TOKEN 
2022-07-12 12:50:11:5011 | http : ::1 | OPTIONS  /api/package 401 68 - 35.676 ms
 
2022-07-12 12:51:29:5129 | error : Ip:::1 | path: /api/package | OPTIONS | status: 401 | message : MISSING_TOKEN 
2022-07-12 12:51:29:5129 | http : ::1 | OPTIONS  /api/package 401 68 - 7.626 ms
 
2022-07-12 12:53:31:5331 | error : Ip:::1 | path: /api/package | OPTIONS | status: 401 | message : MISSING_TOKEN 
2022-07-12 12:53:31:5331 | http : ::1 | OPTIONS  /api/package 401 68 - 45.583 ms
 
2022-07-12 12:54:05:545 | error : Ip:::1 | path: /api/package | OPTIONS | status: 401 | message : MISSING_TOKEN 
2022-07-12 12:54:05:545 | http : ::1 | OPTIONS  /api/package 401 68 - 35.002 ms
 
2022-07-12 12:55:28:5528 | error : Ip:::1 | path: /api/package | OPTIONS | status: 401 | message : MISSING_TOKEN 
2022-07-12 12:55:28:5528 | http : ::1 | OPTIONS  /api/package 401 68 - 3.773 ms
 
2022-07-12 12:58:24:5824 | error : Ip:::1 | path: /api/package | OPTIONS | status: 401 | message : MISSING_TOKEN 
2022-07-12 12:58:24:5824 | http : ::1 | OPTIONS  /api/package 401 68 - 7.839 ms
 
2022-07-12 13:00:20:020 | error : Ip:::1 | path: /api/package | OPTIONS | status: 401 | message : MISSING_TOKEN 
2022-07-12 13:00:20:020 | http : ::1 | OPTIONS  /api/package 401 68 - 36.627 ms
 
2022-07-12 13:01:34:134 | error : Ip:::1 | path: /api/package | OPTIONS | status: 401 | message : MISSING_TOKEN 
2022-07-12 13:01:34:134 | http : ::1 | OPTIONS  /api/package 401 68 - 18.777 ms
 
2022-07-12 13:03:50:350 | error : Ip:::1 | path: /api/package | OPTIONS | status: 401 | message : MISSING_TOKEN 
2022-07-12 13:03:50:350 | http : ::1 | OPTIONS  /api/package 401 68 - 37.871 ms
 
2022-07-12 13:05:14:514 | error : Ip:::1 | path: /api/package/ | GET | status: 401 | message : MISSING_TOKEN 
2022-07-12 13:05:14:514 | http : ::1 | GET  /api/package/ 401 68 - 10.212 ms
 
2022-07-12 13:05:30:530 | error : Ip:::1 | path: /api/package/ | GET | status: 401 | message : MISSING_TOKEN 
2022-07-12 13:05:30:530 | http : ::1 | GET  /api/package/ 401 68 - 2.322 ms
 
2022-07-12 13:05:53:553 | error : Ip:::1 | path: /api/package/ | GET | status: 401 | message : MISSING_TOKEN 
2022-07-12 13:05:53:553 | http : ::1 | GET  /api/package/ 401 68 - 10.732 ms
 
2022-07-12 13:06:28:628 | error : Ip:::1 | path: /api/package/ | GET | status: 401 | message : MISSING_TOKEN 
2022-07-12 13:06:28:628 | http : ::1 | GET  /api/package/ 401 68 - 9.887 ms
 
2022-07-12 13:06:52:652 | error : Ip:::1 | path: /api/package/ | GET | status: 401 | message : MISSING_TOKEN 
2022-07-12 13:06:52:652 | http : ::1 | GET  /api/package/ 401 68 - 9.620 ms
 
2022-07-12 13:08:07:87 | error : Ip:::1 | path: /api/package/ | GET | status: 401 | message : MISSING_TOKEN 
2022-07-12 13:08:07:87 | http : ::1 | GET  /api/package/ 401 68 - 10.116 ms
 
2022-07-12 13:08:21:821 | error : Ip:::1 | path: /api/package/ | GET | status: 401 | message : MISSING_TOKEN 
2022-07-12 13:08:21:821 | http : ::1 | GET  /api/package/ 401 68 - 7.631 ms
 
2022-07-12 13:08:35:835 | http : ::1 | GET  /api/package/ 500 148 - 2.703 ms
 
2022-07-12 13:08:54:854 | http : ::1 | GET  /api/package/ 500 148 - 2.534 ms
 
2022-07-12 13:08:56:856 | http : ::1 | GET  /api/package/ 500 148 - 0.645 ms
 
2022-07-12 13:09:11:911 | error : Ip:::1 | path: /api/package/ | GET | status: 401 | message : MISSING_TOKEN 
2022-07-12 13:09:11:911 | http : ::1 | GET  /api/package/ 401 68 - 7.850 ms
 
2022-07-12 13:10:35:1035 | error : Ip:::1 | path: /api/package/ | GET | status: 401 | message : MISSING_TOKEN 
2022-07-12 13:10:59:1059 | error : Ip:::1 | path: /api/package/ | GET | status: 401 | message : MISSING_TOKEN 
2022-07-12 13:11:48:1148 | error : Ip:::1 | path: /api/package | OPTIONS | status: 401 | message : MISSING_TOKEN 
2022-07-12 13:12:53:1253 | error : Ip:::1 | path: /api/package | OPTIONS | status: 401 | message : MISSING_TOKEN 
2022-07-12 13:16:35:1635 | error : Ip:::1 | path: /api/package | OPTIONS | status: 401 | message : MISSING_TOKEN 
2022-07-12 13:18:06:186 | http : ::1 | GET  /api/package/ 200 - - 40.422 ms
 
2022-07-12 13:18:11:1811 | error : Ip:::1 | path: /api/package | OPTIONS | status: 401 | message : MISSING_TOKEN 
2022-07-12 13:18:11:1811 | http : ::1 | OPTIONS  /api/package 401 68 - 3.625 ms
 
2022-07-12 13:18:15:1815 | error : Ip:::1 | path: /api/package | OPTIONS | status: 401 | message : MISSING_TOKEN 
2022-07-12 13:18:15:1815 | http : ::1 | OPTIONS  /api/package 401 68 - 7.514 ms
 
2022-07-12 13:20:28:2028 | error : Ip:::1 | path: /api/package | OPTIONS | status: 401 | message : MISSING_TOKEN 
2022-07-12 13:20:28:2028 | http : ::1 | OPTIONS  /api/package 401 68 - 6.475 ms
 
2022-07-12 13:20:57:2057 | error : Ip:::1 | path: /api/package | OPTIONS | status: 401 | message : MISSING_TOKEN 
2022-07-12 13:20:57:2057 | http : ::1 | OPTIONS  /api/package 401 68 - 5.294 ms
 
2022-07-12 13:22:11:2211 | error : Ip:::1 | path: /api/package | OPTIONS | status: 401 | message : MISSING_TOKEN 
2022-07-12 13:22:11:2211 | http : ::1 | OPTIONS  /api/package 401 68 - 5.113 ms
 
2022-07-12 13:26:08:268 | error : Ip:::1 | path: /api/package | OPTIONS | status: 401 | message : MISSING_TOKEN 
2022-07-12 13:26:08:268 | http : ::1 | OPTIONS  /api/package 401 68 - 4.461 ms
 
2022-07-12 13:27:51:2751 | error : Ip:::1 | path: /api/package | OPTIONS | status: 401 | message : MISSING_TOKEN 
2022-07-12 13:27:51:2751 | http : ::1 | OPTIONS  /api/package 401 68 - 2.385 ms
 
2022-07-12 13:27:57:2757 | error : Ip:::1 | path: /api/package | OPTIONS | status: 401 | message : MISSING_TOKEN 
2022-07-12 13:27:57:2757 | http : ::1 | OPTIONS  /api/package 401 68 - 6.360 ms
 
2022-07-12 13:29:02:292 | error : Ip:::1 | path: /api/package | OPTIONS | status: 401 | message : MISSING_TOKEN 
2022-07-12 13:29:02:292 | http : ::1 | OPTIONS  /api/package 401 68 - 3.045 ms
 
2022-07-12 13:30:04:304 | error : Ip:::1 | path: /api/package | OPTIONS | status: 401 | message : MISSING_TOKEN 
2022-07-12 13:30:04:304 | http : ::1 | OPTIONS  /api/package 401 68 - 14.217 ms
 
2022-07-12 13:31:36:3136 | http : ::1 | OPTIONS  /api/package?token=eyJhbGciOiJIUzI1NiIsInR5cCI6IkpXVCJ9.eyJ1c2VyIjp7ImxvZ2luIjoidHJhY2suYWRtaW5AZ296ZW0uY29tIiwicm9sZSI6IkFETUlOIiwiX2lkIjoiSlRNUlZBRVNNRSJ9LCJpYXQiOjE2NTc2Mjk2NDYsImV4cCI6MTY1NzgwMjQ0Nn0.PXK6y3Q5iX0OgjmQGBOR0gSylRvmdM1XWWEX4ii6zyg 200 13 - 4.577 ms
 
2022-07-12 13:32:47:3247 | http : ::1 | OPTIONS  /api/package?token=eyJhbGciOiJIUzI1NiIsInR5cCI6IkpXVCJ9.eyJ1c2VyIjp7ImxvZ2luIjoidHJhY2suYWRtaW5AZ296ZW0uY29tIiwicm9sZSI6IkFETUlOIiwiX2lkIjoiSlRNUlZBRVNNRSJ9LCJpYXQiOjE2NTc2Mjk2NDYsImV4cCI6MTY1NzgwMjQ0Nn0.PXK6y3Q5iX0OgjmQGBOR0gSylRvmdM1XWWEX4ii6zyg 200 13 - 26.748 ms
 
2022-07-12 13:33:30:3330 | http : ::1 | GET  /api/package/ 200 - - 20.944 ms
 
2022-07-12 14:09:45:945 | http : ::1 | GET  /api/package/ 200 - - 43.754 ms
 
2022-07-12 14:17:07:177 | http : ::1 | OPTIONS  /api/package 204 0 - 2.839 ms
 
2022-07-12 14:17:07:177 | error : Ip:::1 | path: /api/package | POST | status: 400 | message : VALIDATION_ERROR 
2022-07-12 14:17:07:177 | http : ::1 | POST  /api/package 400 193 - 141.747 ms
 
2022-07-12 14:27:40:2740 | http : ::1 | OPTIONS  /api/package 204 0 - 0.538 ms
 
2022-07-12 14:27:40:2740 | error : Ip:::1 | path: /api/package | POST | status: 400 | message : VALIDATION_ERROR 
2022-07-12 14:27:40:2740 | http : ::1 | POST  /api/package 400 193 - 6.393 ms
 
2022-07-12 14:30:20:3020 | http : ::1 | OPTIONS  /api/package 204 0 - 0.739 ms
 
2022-07-12 14:30:20:3020 | error : Ip:::1 | path: /api/package | POST | status: 400 | message : VALIDATION_ERROR 
2022-07-12 14:30:20:3020 | http : ::1 | POST  /api/package 400 193 - 7.062 ms
 
2022-07-12 14:32:31:3231 | http : ::1 | OPTIONS  /api/package 204 0 - 0.769 ms
 
2022-07-12 14:32:31:3231 | error : Ip:::1 | path: /api/package | POST | status: 400 | message : VALIDATION_ERROR 
2022-07-12 14:32:31:3231 | http : ::1 | POST  /api/package 400 193 - 7.272 ms
 
2022-07-12 14:34:55:3455 | http : ::1 | OPTIONS  /api/package 204 0 - 0.658 ms
 
2022-07-12 14:34:55:3455 | error : Ip:::1 | path: /api/package | POST | status: 400 | message : VALIDATION_ERROR 
2022-07-12 14:34:55:3455 | http : ::1 | POST  /api/package 400 193 - 9.340 ms
 
2022-07-12 14:35:11:3511 | http : ::1 | OPTIONS  /api/package 204 0 - 0.809 ms
 
2022-07-12 14:35:11:3511 | error : Ip:::1 | path: /api/package | POST | status: 400 | message : VALIDATION_ERROR 
2022-07-12 14:35:11:3511 | http : ::1 | POST  /api/package 400 193 - 5.868 ms
 
2022-07-12 14:35:54:3554 | http : ::1 | OPTIONS  /api/package 204 0 - 0.748 ms
 
2022-07-12 14:35:54:3554 | error : Ip:::1 | path: /api/package | POST | status: 400 | message : VALIDATION_ERROR 
2022-07-12 14:35:54:3554 | http : ::1 | POST  /api/package 400 193 - 4.558 ms
 
2022-07-12 14:37:05:375 | http : ::1 | OPTIONS  /api/package 204 0 - 0.747 ms
 
2022-07-12 14:37:05:375 | error : Ip:::1 | path: /api/package | POST | status: 400 | message : VALIDATION_ERROR 
2022-07-12 14:37:05:375 | http : ::1 | POST  /api/package 400 193 - 8.573 ms
 
2022-07-12 14:38:51:3851 | http : ::1 | OPTIONS  /api/package 204 0 - 0.245 ms
 
2022-07-12 14:38:51:3851 | error : Ip:::1 | path: /api/package | POST | status: 400 | message : VALIDATION_ERROR 
2022-07-12 14:38:51:3851 | http : ::1 | POST  /api/package 400 193 - 3.752 ms
 
2022-07-12 14:40:26:4026 | http : ::1 | OPTIONS  /api/package 204 0 - 0.720 ms
 
2022-07-12 14:40:26:4026 | error : Ip:::1 | path: /api/package | POST | status: 400 | message : VALIDATION_ERROR 
2022-07-12 14:40:26:4026 | http : ::1 | POST  /api/package 400 193 - 10.792 ms
 
2022-07-12 14:44:53:4453 | http : ::1 | OPTIONS  /api/package 204 0 - 0.565 ms
 
2022-07-12 14:44:53:4453 | error : Ip:::1 | path: /api/package | POST | status: 400 | message : VALIDATION_ERROR 
2022-07-12 14:44:53:4453 | http : ::1 | POST  /api/package 400 193 - 5.153 ms
 
2022-07-12 14:46:15:4615 | http : ::1 | OPTIONS  /api/package 204 0 - 0.265 ms
 
2022-07-12 14:46:15:4615 | error : Ip:::1 | path: /api/package | POST | status: 400 | message : VALIDATION_ERROR 
2022-07-12 14:46:15:4615 | http : ::1 | POST  /api/package 400 193 - 2.224 ms
 
2022-07-12 14:51:51:5151 | http : ::1 | OPTIONS  /api/package 204 0 - 0.739 ms
 
2022-07-12 14:51:51:5151 | error : Ip:::1 | path: /api/package | POST | status: 400 | message : VALIDATION_ERROR 
2022-07-12 14:51:51:5151 | http : ::1 | POST  /api/package 400 185 - 4.776 ms
 
2022-07-12 14:59:41:5941 | http : ::1 | OPTIONS  /api/package 204 0 - 0.591 ms
 
2022-07-12 14:59:41:5941 | http : ::1 | POST  /api/package 201 413 - 86.589 ms
 
2022-07-12 16:42:51:4251 | http : ::1 | OPTIONS  /api/package 204 0 - 0.278 ms
 
2022-07-12 16:42:51:4251 | http : ::1 | GET  /api/package 200 - - 33.551 ms
 
2022-07-12 16:43:28:4328 | http : ::1 | OPTIONS  /api/package 204 0 - 0.169 ms
 
2022-07-12 16:43:29:4329 | http : ::1 | GET  /api/package 304 - - 10.337 ms
 
2022-07-12 16:45:16:4516 | http : ::1 | OPTIONS  /api/package 204 0 - 0.175 ms
 
2022-07-12 16:45:16:4516 | http : ::1 | GET  /api/package 304 - - 12.284 ms
 
2022-07-12 16:46:25:4625 | http : ::1 | OPTIONS  /api/package 204 0 - 0.233 ms
 
2022-07-12 16:46:25:4625 | http : ::1 | GET  /api/package 304 - - 12.587 ms
 
2022-07-12 16:48:05:485 | http : ::1 | OPTIONS  /api/package 204 0 - 0.208 ms
 
2022-07-12 16:48:05:485 | http : ::1 | GET  /api/package 304 - - 9.653 ms
 
2022-07-12 16:48:52:4852 | http : ::1 | OPTIONS  /api/package 204 0 - 0.300 ms
 
2022-07-12 16:48:52:4852 | http : ::1 | GET  /api/package 304 - - 26.355 ms
 
2022-07-12 16:49:15:4915 | http : ::1 | OPTIONS  /api/package 204 0 - 0.274 ms
 
2022-07-12 16:49:15:4915 | http : ::1 | GET  /api/package 304 - - 11.903 ms
 
2022-07-12 16:49:30:4930 | http : ::1 | OPTIONS  /api/package 204 0 - 0.268 ms
 
2022-07-12 16:49:30:4930 | http : ::1 | GET  /api/package 304 - - 10.285 ms
 
2022-07-12 16:50:07:507 | http : ::1 | OPTIONS  /api/package 204 0 - 0.229 ms
 
2022-07-12 16:50:07:507 | http : ::1 | GET  /api/package 304 - - 10.815 ms
 
2022-07-12 16:50:38:5038 | http : ::1 | OPTIONS  /api/package 204 0 - 0.240 ms
 
2022-07-12 16:50:38:5038 | http : ::1 | GET  /api/package 304 - - 10.095 ms
 
2022-07-12 16:51:40:5140 | http : ::1 | OPTIONS  /api/package 204 0 - 0.318 ms
 
2022-07-12 16:51:40:5140 | http : ::1 | GET  /api/package 304 - - 10.315 ms
 
2022-07-12 16:52:12:5212 | http : ::1 | OPTIONS  /api/package 204 0 - 0.167 ms
 
2022-07-12 16:52:13:5213 | http : ::1 | GET  /api/package 304 - - 12.958 ms
 
2022-07-12 16:52:32:5232 | http : ::1 | OPTIONS  /api/package 204 0 - 0.231 ms
 
2022-07-12 16:52:32:5232 | http : ::1 | GET  /api/package 304 - - 11.241 ms
 
2022-07-12 16:53:33:5333 | http : ::1 | OPTIONS  /api/package 204 0 - 0.144 ms
 
2022-07-12 16:53:33:5333 | http : ::1 | GET  /api/package 304 - - 8.150 ms
 
2022-07-12 16:55:23:5523 | http : ::1 | OPTIONS  /api/package 204 0 - 0.203 ms
 
2022-07-12 16:55:23:5523 | http : ::1 | GET  /api/package 304 - - 8.376 ms
 
2022-07-12 16:55:39:5539 | http : ::1 | OPTIONS  /api/package 204 0 - 0.151 ms
 
2022-07-12 16:55:39:5539 | http : ::1 | GET  /api/package 304 - - 9.182 ms
 
2022-07-12 16:59:52:5952 | http : ::1 | OPTIONS  /api/package 204 0 - 0.198 ms
 
2022-07-12 16:59:52:5952 | http : ::1 | GET  /api/package 304 - - 8.013 ms
 
2022-07-12 17:00:49:049 | http : ::1 | OPTIONS  /api/package 204 0 - 0.169 ms
 
2022-07-12 17:00:49:049 | http : ::1 | GET  /api/package 304 - - 7.195 ms
 
2022-07-12 17:01:05:15 | http : ::1 | OPTIONS  /api/package 204 0 - 0.229 ms
 
2022-07-12 17:01:05:15 | http : ::1 | GET  /api/package 304 - - 7.960 ms
 
2022-07-12 17:07:12:712 | http : ::1 | OPTIONS  /api/package 204 0 - 0.238 ms
 
2022-07-12 17:07:12:712 | http : ::1 | GET  /api/package 304 - - 12.376 ms
 
2022-07-12 17:07:49:749 | http : ::1 | OPTIONS  /api/package 204 0 - 0.241 ms
 
2022-07-12 17:07:49:749 | http : ::1 | GET  /api/package 304 - - 11.850 ms
 
2022-07-12 17:37:22:3722 | http : ::1 | OPTIONS  /api/package 204 0 - 0.254 ms
 
2022-07-12 17:37:22:3722 | http : ::1 | GET  /api/package 304 - - 9.381 ms
 
2022-07-12 17:38:11:3811 | http : ::1 | OPTIONS  /api/package 204 0 - 0.196 ms
 
2022-07-12 17:38:11:3811 | http : ::1 | GET  /api/package 304 - - 8.606 ms
 
2022-07-12 17:40:49:4049 | http : ::1 | OPTIONS  /api/package 204 0 - 0.247 ms
 
2022-07-12 17:40:49:4049 | http : ::1 | OPTIONS  /api/delivery 204 0 - 0.249 ms
 
2022-07-12 17:40:49:4049 | http : ::1 | GET  /api/package 304 - - 20.131 ms
 
2022-07-12 17:40:49:4049 | http : ::1 | GET  /api/delivery 200 609 - 12.534 ms
 
2022-07-12 17:42:13:4213 | http : ::1 | OPTIONS  /api/package 204 0 - 0.268 ms
 
2022-07-12 17:42:13:4213 | http : ::1 | OPTIONS  /api/delivery 204 0 - 0.250 ms
 
2022-07-12 17:42:13:4213 | http : ::1 | GET  /api/package 304 - - 9.246 ms
 
2022-07-12 17:42:13:4213 | http : ::1 | GET  /api/delivery 304 - - 7.482 ms
 
2022-07-12 17:43:48:4348 | http : ::1 | OPTIONS  /api/package 204 0 - 0.180 ms
 
2022-07-12 17:43:48:4348 | http : ::1 | OPTIONS  /api/delivery 204 0 - 0.280 ms
 
2022-07-12 17:43:48:4348 | http : ::1 | GET  /api/package 304 - - 13.738 ms
 
2022-07-12 17:43:48:4348 | http : ::1 | GET  /api/delivery 304 - - 12.179 ms
 
2022-07-12 17:44:59:4459 | http : ::1 | OPTIONS  /api/package 204 0 - 0.248 ms
 
2022-07-12 17:44:59:4459 | http : ::1 | OPTIONS  /api/delivery 204 0 - 0.226 ms
 
2022-07-12 17:44:59:4459 | http : ::1 | GET  /api/package 304 - - 12.656 ms
 
2022-07-12 17:44:59:4459 | http : ::1 | GET  /api/delivery 304 - - 18.770 ms
 
2022-07-12 17:45:47:4547 | http : ::1 | OPTIONS  /api/package 204 0 - 0.217 ms
 
2022-07-12 17:45:47:4547 | http : ::1 | OPTIONS  /api/delivery 204 0 - 0.257 ms
 
2022-07-12 17:45:47:4547 | http : ::1 | GET  /api/package 304 - - 12.489 ms
 
2022-07-12 17:45:47:4547 | http : ::1 | GET  /api/delivery 304 - - 7.519 ms
 
2022-07-12 17:46:24:4624 | http : ::1 | OPTIONS  /api/package 204 0 - 0.244 ms
 
2022-07-12 17:46:24:4624 | http : ::1 | OPTIONS  /api/delivery 204 0 - 0.247 ms
 
2022-07-12 17:46:24:4624 | http : ::1 | GET  /api/package 304 - - 16.677 ms
 
2022-07-12 17:46:24:4624 | http : ::1 | GET  /api/delivery 304 - - 13.437 ms
 
2022-07-12 17:46:58:4658 | http : ::1 | OPTIONS  /api/package 204 0 - 0.159 ms
 
2022-07-12 17:46:58:4658 | http : ::1 | OPTIONS  /api/delivery 204 0 - 0.228 ms
 
2022-07-12 17:46:58:4658 | http : ::1 | GET  /api/package 304 - - 9.920 ms
 
2022-07-12 17:46:58:4658 | http : ::1 | GET  /api/delivery 304 - - 11.256 ms
 
2022-07-12 17:47:23:4723 | http : ::1 | OPTIONS  /api/package 204 0 - 0.305 ms
 
2022-07-12 17:47:23:4723 | http : ::1 | OPTIONS  /api/delivery 204 0 - 0.270 ms
 
2022-07-12 17:47:23:4723 | http : ::1 | GET  /api/package 304 - - 18.001 ms
 
2022-07-12 17:47:23:4723 | http : ::1 | GET  /api/delivery 304 - - 15.328 ms
 
2022-07-12 17:48:02:482 | http : ::1 | OPTIONS  /api/package 204 0 - 0.290 ms
 
2022-07-12 17:48:02:482 | http : ::1 | OPTIONS  /api/delivery 204 0 - 0.387 ms
 
2022-07-12 17:48:02:482 | http : ::1 | GET  /api/package 304 - - 17.603 ms
 
2022-07-12 17:48:02:482 | http : ::1 | GET  /api/delivery 304 - - 12.708 ms
 
2022-07-12 17:48:51:4851 | http : ::1 | OPTIONS  /api/package 204 0 - 0.244 ms
 
2022-07-12 17:48:51:4851 | http : ::1 | OPTIONS  /api/delivery 204 0 - 0.288 ms
 
2022-07-12 17:48:51:4851 | http : ::1 | GET  /api/package 304 - - 9.951 ms
 
2022-07-12 17:48:51:4851 | http : ::1 | GET  /api/delivery 304 - - 8.688 ms
 
2022-07-12 17:51:20:5120 | http : ::1 | OPTIONS  /api/package 204 0 - 0.239 ms
 
2022-07-12 17:51:20:5120 | http : ::1 | OPTIONS  /api/delivery 204 0 - 0.415 ms
 
2022-07-12 17:51:20:5120 | http : ::1 | GET  /api/package 304 - - 14.860 ms
 
2022-07-12 17:51:20:5120 | http : ::1 | GET  /api/delivery 304 - - 16.758 ms
 
2022-07-12 17:52:34:5234 | http : ::1 | OPTIONS  /api/package 204 0 - 0.285 ms
 
2022-07-12 17:52:34:5234 | http : ::1 | OPTIONS  /api/delivery 204 0 - 0.249 ms
 
2022-07-12 17:52:34:5234 | http : ::1 | GET  /api/package 304 - - 9.946 ms
 
2022-07-12 17:52:34:5234 | http : ::1 | GET  /api/delivery 304 - - 7.251 ms
 
2022-07-12 17:54:39:5439 | http : ::1 | OPTIONS  /api/package 204 0 - 0.170 ms
 
2022-07-12 17:54:39:5439 | http : ::1 | OPTIONS  /api/delivery 204 0 - 0.240 ms
 
2022-07-12 17:54:39:5439 | http : ::1 | GET  /api/package 304 - - 12.444 ms
 
2022-07-12 17:54:39:5439 | http : ::1 | GET  /api/delivery 304 - - 9.936 ms
 
2022-07-12 17:55:11:5511 | http : ::1 | OPTIONS  /api/package 204 0 - 0.235 ms
 
2022-07-12 17:55:11:5511 | http : ::1 | OPTIONS  /api/delivery 204 0 - 0.238 ms
 
2022-07-12 17:55:11:5511 | http : ::1 | GET  /api/package 304 - - 7.417 ms
 
2022-07-12 17:55:11:5511 | http : ::1 | GET  /api/delivery 304 - - 10.262 ms
 
2022-07-12 17:55:50:5550 | http : ::1 | OPTIONS  /api/package 204 0 - 0.164 ms
 
2022-07-12 17:55:50:5550 | http : ::1 | OPTIONS  /api/delivery 204 0 - 0.233 ms
 
2022-07-12 17:55:50:5550 | http : ::1 | GET  /api/package 304 - - 11.045 ms
 
2022-07-12 17:55:50:5550 | http : ::1 | GET  /api/delivery 304 - - 7.848 ms
 
2022-07-12 17:59:10:5910 | http : ::1 | OPTIONS  /api/package 204 0 - 0.209 ms
 
2022-07-12 17:59:10:5910 | http : ::1 | OPTIONS  /api/delivery 204 0 - 0.268 ms
 
2022-07-12 17:59:10:5910 | http : ::1 | GET  /api/delivery 304 - - 8.133 ms
 
2022-07-12 17:59:10:5910 | http : ::1 | GET  /api/package 304 - - 19.137 ms
 
2022-07-12 18:00:06:06 | http : ::1 | OPTIONS  /api/package 204 0 - 0.176 ms
 
2022-07-12 18:00:06:06 | http : ::1 | OPTIONS  /api/delivery 204 0 - 0.209 ms
 
2022-07-12 18:00:06:06 | http : ::1 | GET  /api/package 304 - - 7.512 ms
 
2022-07-12 18:00:06:06 | http : ::1 | GET  /api/delivery 304 - - 8.483 ms
 
2022-07-12 18:01:23:123 | http : ::1 | OPTIONS  /api/package 204 0 - 0.237 ms
 
2022-07-12 18:01:23:123 | http : ::1 | OPTIONS  /api/delivery 204 0 - 0.207 ms
 
2022-07-12 18:01:23:123 | http : ::1 | GET  /api/package 304 - - 10.764 ms
 
2022-07-12 18:01:23:123 | http : ::1 | GET  /api/delivery 304 - - 7.144 ms
 
2022-07-12 18:02:16:216 | http : ::1 | OPTIONS  /api/package 204 0 - 0.233 ms
 
2022-07-12 18:02:16:216 | http : ::1 | OPTIONS  /api/delivery 204 0 - 0.176 ms
 
2022-07-12 18:02:16:216 | http : ::1 | GET  /api/package 304 - - 9.195 ms
 
2022-07-12 18:02:16:216 | http : ::1 | GET  /api/delivery 304 - - 6.854 ms
 
2022-07-12 18:02:52:252 | http : ::1 | OPTIONS  /auth 204 0 - 0.524 ms
 
2022-07-12 18:02:53:253 | http : ::1 | POST  /auth 201 339 - 230.424 ms
 
2022-07-12 18:02:53:253 | http : ::1 | OPTIONS  /api/package 204 0 - 0.308 ms
 
2022-07-12 18:02:53:253 | http : ::1 | OPTIONS  /api/delivery 204 0 - 0.265 ms
 
2022-07-12 18:02:53:253 | http : ::1 | GET  /api/package 304 - - 14.160 ms
 
2022-07-12 18:02:53:253 | http : ::1 | GET  /api/delivery 304 - - 12.263 ms
 
2022-07-12 18:03:28:328 | http : ::1 | OPTIONS  /api/package 204 0 - 0.161 ms
 
2022-07-12 18:03:28:328 | http : ::1 | OPTIONS  /api/delivery 204 0 - 0.215 ms
 
2022-07-12 18:03:28:328 | http : ::1 | GET  /api/package 304 - - 13.177 ms
 
2022-07-12 18:03:28:328 | http : ::1 | GET  /api/delivery 304 - - 8.571 ms
 
2022-07-12 18:04:03:43 | http : ::1 | OPTIONS  /auth 204 0 - 0.379 ms
 
2022-07-12 18:04:04:44 | http : ::1 | POST  /auth 201 339 - 258.444 ms
 
2022-07-12 18:04:04:44 | http : ::1 | OPTIONS  /api/package 204 0 - 0.222 ms
 
2022-07-12 18:04:04:44 | http : ::1 | OPTIONS  /api/delivery 204 0 - 0.228 ms
 
2022-07-12 18:04:04:44 | http : ::1 | GET  /api/delivery 304 - - 11.713 ms
 
2022-07-12 18:04:04:44 | http : ::1 | GET  /api/package 304 - - 17.752 ms
 
2022-07-12 18:04:32:432 | http : ::1 | OPTIONS  /auth 204 0 - 0.274 ms
 
2022-07-12 18:04:32:432 | http : ::1 | POST  /auth 201 344 - 184.366 ms
 
2022-07-12 18:05:26:526 | http : ::1 | OPTIONS  /auth 204 0 - 0.413 ms
 
2022-07-12 18:05:26:526 | http : ::1 | POST  /auth 201 344 - 257.673 ms
 
2022-07-12 18:05:34:534 | http : ::1 | OPTIONS  /auth 204 0 - 0.332 ms
 
2022-07-12 18:05:34:534 | http : ::1 | POST  /auth 201 339 - 240.932 ms
 
2022-07-12 18:05:34:534 | http : ::1 | OPTIONS  /api/package 204 0 - 0.230 ms
 
2022-07-12 18:05:34:534 | http : ::1 | OPTIONS  /api/delivery 204 0 - 0.452 ms
 
2022-07-12 18:05:34:534 | http : ::1 | GET  /api/delivery 304 - - 10.750 ms
 
2022-07-12 18:05:34:534 | http : ::1 | GET  /api/package 304 - - 17.196 ms
 
2022-07-12 18:06:35:635 | http : ::1 | OPTIONS  /api/package 204 0 - 0.233 ms
 
2022-07-12 18:06:35:635 | http : ::1 | OPTIONS  /api/delivery 204 0 - 0.223 ms
 
2022-07-12 18:06:35:635 | http : ::1 | GET  /api/package 304 - - 12.806 ms
 
2022-07-12 18:06:35:635 | http : ::1 | GET  /api/delivery 304 - - 14.334 ms
 
2022-07-12 18:06:55:655 | http : ::1 | OPTIONS  /api/package 204 0 - 0.350 ms
 
2022-07-12 18:06:55:655 | http : ::1 | OPTIONS  /api/delivery 204 0 - 0.240 ms
 
2022-07-12 18:06:55:655 | http : ::1 | GET  /api/package 304 - - 12.864 ms
 
2022-07-12 18:06:55:655 | http : ::1 | GET  /api/delivery 304 - - 12.969 ms
 
2022-07-12 18:07:04:74 | http : ::1 | OPTIONS  /auth 204 0 - 0.393 ms
 
2022-07-12 18:07:04:74 | http : ::1 | POST  /auth 201 339 - 190.499 ms
 
2022-07-12 18:07:04:74 | http : ::1 | OPTIONS  /api/package 204 0 - 0.229 ms
 
2022-07-12 18:07:04:74 | http : ::1 | OPTIONS  /api/delivery 204 0 - 0.229 ms
 
2022-07-12 18:07:04:74 | http : ::1 | GET  /api/delivery 304 - - 11.916 ms
 
2022-07-12 18:07:04:74 | http : ::1 | GET  /api/package 304 - - 20.441 ms
 
2022-07-12 18:07:13:713 | http : ::1 | OPTIONS  /auth 204 0 - 0.366 ms
 
2022-07-12 18:07:13:713 | http : ::1 | POST  /auth 201 339 - 245.740 ms
 
2022-07-12 18:07:13:713 | http : ::1 | OPTIONS  /api/package 204 0 - 0.218 ms
 
2022-07-12 18:07:13:713 | http : ::1 | OPTIONS  /api/delivery 204 0 - 0.228 ms
 
2022-07-12 18:07:13:713 | http : ::1 | GET  /api/package 304 - - 8.717 ms
 
2022-07-12 18:07:13:713 | http : ::1 | GET  /api/delivery 304 - - 8.191 ms
 
2022-07-12 18:21:38:2138 | http : ::1 | OPTIONS  /api/package 204 0 - 2.568 ms
 
2022-07-12 18:21:38:2138 | http : ::1 | OPTIONS  /api/delivery 204 0 - 0.795 ms
 
2022-07-12 18:21:38:2138 | http : ::1 | GET  /api/package 304 - - 51.340 ms
 
2022-07-12 18:21:38:2138 | http : ::1 | GET  /api/delivery 304 - - 35.448 ms
 
2022-07-12 18:28:30:2830 | http : ::1 | OPTIONS  /api/package 204 0 - 0.316 ms
 
2022-07-12 18:28:30:2830 | http : ::1 | OPTIONS  /api/delivery 204 0 - 0.272 ms
 
2022-07-12 18:28:30:2830 | http : ::1 | GET  /api/delivery 304 - - 19.317 ms
 
2022-07-12 18:28:30:2830 | http : ::1 | GET  /api/package 304 - - 32.214 ms
 
2022-07-12 18:30:48:3048 | http : ::1 | OPTIONS  /api/package 204 0 - 0.293 ms
 
2022-07-12 18:30:48:3048 | http : ::1 | OPTIONS  /api/delivery 204 0 - 0.349 ms
 
2022-07-12 18:30:48:3048 | http : ::1 | GET  /api/package 304 - - 17.050 ms
 
2022-07-12 18:30:48:3048 | http : ::1 | GET  /api/delivery 304 - - 10.307 ms
 
2022-07-12 18:31:47:3147 | http : ::1 | OPTIONS  /api/package 204 0 - 0.233 ms
 
2022-07-12 18:31:47:3147 | http : ::1 | OPTIONS  /api/delivery 204 0 - 0.265 ms
 
2022-07-12 18:31:47:3147 | http : ::1 | GET  /api/package 304 - - 23.321 ms
 
2022-07-12 18:31:47:3147 | http : ::1 | GET  /api/delivery 304 - - 21.946 ms
 
2022-07-12 18:32:02:322 | http : ::1 | OPTIONS  /api/package 204 0 - 0.300 ms
 
2022-07-12 18:32:02:322 | http : ::1 | OPTIONS  /api/delivery 204 0 - 0.501 ms
 
2022-07-12 18:32:03:323 | http : ::1 | GET  /api/delivery 304 - - 17.750 ms
 
2022-07-12 18:32:03:323 | http : ::1 | GET  /api/package 304 - - 28.318 ms
 
2022-07-12 18:32:41:3241 | http : ::1 | OPTIONS  /auth 204 0 - 0.689 ms
 
2022-07-12 18:32:41:3241 | http : ::1 | POST  /auth 201 339 - 251.805 ms
 
2022-07-12 18:32:41:3241 | http : ::1 | OPTIONS  /api/package 204 0 - 0.297 ms
 
2022-07-12 18:32:41:3241 | http : ::1 | OPTIONS  /api/delivery 204 0 - 0.315 ms
 
2022-07-12 18:32:41:3241 | http : ::1 | GET  /api/package 304 - - 19.499 ms
 
2022-07-12 18:32:41:3241 | http : ::1 | GET  /api/delivery 304 - - 18.284 ms
 
2022-07-12 18:33:21:3321 | http : ::1 | OPTIONS  /api/package 204 0 - 0.160 ms
 
2022-07-12 18:33:21:3321 | http : ::1 | OPTIONS  /api/delivery 204 0 - 0.278 ms
 
2022-07-12 18:33:21:3321 | http : ::1 | GET  /api/package 304 - - 22.223 ms
 
2022-07-12 18:33:21:3321 | http : ::1 | GET  /api/delivery 304 - - 20.511 ms
 
2022-07-12 18:33:53:3353 | http : ::1 | OPTIONS  /auth 204 0 - 0.250 ms
 
2022-07-12 18:33:54:3354 | http : ::1 | POST  /auth 201 339 - 195.442 ms
 
2022-07-12 18:33:54:3354 | http : ::1 | OPTIONS  /api/package 204 0 - 0.551 ms
 
2022-07-12 18:33:54:3354 | http : ::1 | OPTIONS  /api/delivery 204 0 - 0.495 ms
 
2022-07-12 18:33:54:3354 | http : ::1 | GET  /api/package 304 - - 22.300 ms
 
2022-07-12 18:33:54:3354 | http : ::1 | GET  /api/delivery 304 - - 18.219 ms
 
2022-07-12 18:35:18:3518 | http : ::1 | OPTIONS  /api/package 204 0 - 0.358 ms
 
2022-07-12 18:35:18:3518 | http : ::1 | OPTIONS  /api/delivery 204 0 - 0.244 ms
 
2022-07-12 18:35:18:3518 | http : ::1 | GET  /api/package 304 - - 13.685 ms
 
2022-07-12 18:35:18:3518 | http : ::1 | GET  /api/delivery 304 - - 10.342 ms
 
2022-07-12 19:10:07:107 | http : ::1 | OPTIONS  /api/package 204 0 - 0.241 ms
 
2022-07-12 19:10:07:107 | http : ::1 | OPTIONS  /api/delivery 204 0 - 0.229 ms
 
2022-07-12 19:10:07:107 | http : ::1 | GET  /api/package 304 - - 8.883 ms
 
2022-07-12 19:10:07:107 | http : ::1 | GET  /api/delivery 304 - - 7.323 ms
 
2022-07-12 19:12:20:1220 | http : ::1 | OPTIONS  /api/package/undelivered 204 0 - 0.250 ms
 
2022-07-12 19:12:20:1220 | http : ::1 | GET  /api/package/undelivered 200 - - 17.392 ms
 
2022-07-12 19:12:28:1228 | http : ::1 | OPTIONS  /api/package 204 0 - 0.176 ms
 
2022-07-12 19:12:28:1228 | http : ::1 | OPTIONS  /api/delivery 204 0 - 0.226 ms
 
2022-07-12 19:12:28:1228 | http : ::1 | GET  /api/package 304 - - 28.334 ms
 
2022-07-12 19:12:28:1228 | http : ::1 | GET  /api/delivery 304 - - 24.733 ms
 
2022-07-12 19:12:38:1238 | http : ::1 | OPTIONS  /api/package/undelivered 204 0 - 0.247 ms
 
2022-07-12 19:12:38:1238 | http : ::1 | GET  /api/package/undelivered 304 - - 7.915 ms
 
2022-07-12 19:12:42:1242 | http : ::1 | OPTIONS  /api/package 204 0 - 0.345 ms
 
2022-07-12 19:12:42:1242 | error : Ip:::1 | path: /api/package | POST | status: 400 | message : VALIDATION_ERROR 
2022-07-12 19:12:42:1242 | http : ::1 | POST  /api/package 400 265 - 23.376 ms
 
2022-07-12 19:14:04:144 | http : ::1 | OPTIONS  /api/package/undelivered 204 0 - 0.284 ms
 
2022-07-12 19:14:04:144 | http : ::1 | GET  /api/package/undelivered 304 - - 7.957 ms
 
2022-07-12 19:19:51:1951 | http : ::1 | OPTIONS  /api/delivery 204 0 - 0.199 ms
 
2022-07-12 19:19:51:1951 | http : ::1 | POST  /api/delivery 201 169 - 62.476 ms
 
2022-07-12 19:19:51:1951 | http : ::1 | OPTIONS  /api/package 204 0 - 0.243 ms
 
2022-07-12 19:19:51:1951 | http : ::1 | GET  /api/delivery 200 - - 9.379 ms
 
2022-07-12 19:19:51:1951 | http : ::1 | GET  /api/package 200 - - 8.544 ms
 
2022-07-12 19:20:11:2011 | http : ::1 | OPTIONS  /auth 204 0 - 0.263 ms
 
2022-07-12 19:20:11:2011 | http : ::1 | POST  /auth 201 344 - 171.955 ms
 
2022-07-12 19:22:15:2215 | http : ::1 | OPTIONS  /auth 204 0 - 0.432 ms
 
2022-07-12 19:22:15:2215 | http : ::1 | POST  /auth 201 339 - 157.123 ms
 
2022-07-12 19:22:15:2215 | http : ::1 | OPTIONS  /api/package 204 0 - 0.509 ms
 
2022-07-12 19:22:15:2215 | http : ::1 | OPTIONS  /api/delivery 204 0 - 0.251 ms
 
2022-07-12 19:22:15:2215 | http : ::1 | GET  /api/package 304 - - 12.822 ms
 
2022-07-12 19:22:15:2215 | http : ::1 | GET  /api/delivery 304 - - 12.606 ms
 
2022-07-12 19:22:23:2223 | http : ::1 | OPTIONS  /api/package/undelivered 204 0 - 0.220 ms
 
2022-07-12 19:22:23:2223 | http : ::1 | GET  /api/package/undelivered 200 - - 8.178 ms
 
2022-07-12 19:22:26:2226 | http : ::1 | OPTIONS  /api/delivery 204 0 - 0.350 ms
 
2022-07-12 19:22:27:2227 | http : ::1 | POST  /api/delivery 201 169 - 12.932 ms
 
2022-07-12 19:22:27:2227 | http : ::1 | OPTIONS  /api/package 204 0 - 0.245 ms
 
2022-07-12 19:22:27:2227 | http : ::1 | GET  /api/delivery 200 - - 19.631 ms
 
2022-07-12 19:22:27:2227 | http : ::1 | GET  /api/package 200 - - 15.023 ms
 
2022-07-12 19:22:29:2229 | http : ::1 | OPTIONS  /api/package/undelivered 204 0 - 0.252 ms
 
2022-07-12 19:22:29:2229 | http : ::1 | GET  /api/package/undelivered 200 - - 6.035 ms
 
2022-07-12 19:22:33:2233 | http : ::1 | OPTIONS  /api/delivery 204 0 - 0.335 ms
 
2022-07-12 19:22:33:2233 | http : ::1 | POST  /api/delivery 201 169 - 9.596 ms
 
2022-07-12 19:22:33:2233 | http : ::1 | OPTIONS  /api/package 204 0 - 0.244 ms
 
2022-07-12 19:22:33:2233 | http : ::1 | GET  /api/delivery 200 - - 13.845 ms
 
2022-07-12 19:22:33:2233 | http : ::1 | GET  /api/package 200 - - 7.673 ms
 
2022-07-12 22:48:37:4837 | error : Ip:::1 | path: /api/package/ | GET | status: 401 | message : MISSING_TOKEN 
2022-07-12 22:48:37:4837 | http : ::1 | GET  /api/package/ 401 68 - 3.611 ms
 
2022-07-12 22:50:16:5016 | error : Ip:::1 | path: /api/package/ | GET | status: 401 | message : MISSING_TOKEN 
2022-07-12 22:50:16:5016 | http : ::1 | GET  /api/package/ 401 68 - 2.021 ms
 
2022-07-12 22:50:31:5031 | error : Ip:::1 | path: /api/package/ | GET | status: 401 | message : MISSING_TOKEN 
2022-07-12 22:50:31:5031 | http : ::1 | GET  /api/package/ 401 68 - 3.645 ms
 
2022-07-12 22:51:41:5141 | error : Ip:::1 | path: /api/package/PK-WISURZ | GET | status: 401 | message : MISSING_TOKEN 
2022-07-12 22:51:41:5141 | http : ::1 | GET  /api/package/PK-WISURZ 401 68 - 2.391 ms
 
2022-07-12 22:53:19:5319 | error : Ip:::1 | path: /api/package/PK-WISURZ | GET | status: 401 | message : MISSING_TOKEN 
2022-07-12 22:53:19:5319 | http : ::1 | GET  /api/package/PK-WISURZ 401 68 - 1.179 ms
 
2022-07-12 22:54:15:5415 | http : ::1 | GET  /api/package/PK-WISURZ 200 605 - 21.036 ms
 
2022-07-12 22:54:18:5418 | http : ::1 | GET  /api/package/PK-WISURZ 200 605 - 17.309 ms
 
2022-07-12 22:54:53:5453 | http : ::1 | GET  /api/package/PK-WISURZ 304 - - 19.209 ms
 
2022-07-12 22:56:44:5644 | error : Ip:::1 | path: /api/package/sajkd | GET | status: 404 | message : The provided id is not found 
2022-07-12 22:56:44:5644 | http : ::1 | GET  /api/package/sajkd 404 83 - 17.607 ms
 
2022-07-12 22:58:53:5853 | error : Ip:::1 | path: /api/package/adjka | GET | status: 404 | message : The provided id is not found 
2022-07-12 22:58:53:5853 | http : ::1 | GET  /api/package/adjka 404 83 - 12.239 ms
 
2022-07-12 22:59:01:591 | error : Ip:::1 | path: /api/package/alshkashj | GET | status: 404 | message : The provided id is not found 
2022-07-12 22:59:01:591 | http : ::1 | GET  /api/package/alshkashj 404 83 - 10.434 ms
 
2022-07-12 22:59:25:5925 | http : ::1 | GET  /api/package/PK-WISURZ 304 - - 15.177 ms
 
2022-07-12 23:00:53:053 | http : ::1 | GET  /api/package/PK-WISURZ 304 - - 15.835 ms
 
2022-07-12 23:02:34:234 | http : ::1 | GET  /api/package/PK-WISURZ 304 - - 12.498 ms
 
2022-07-12 23:03:14:314 | http : ::1 | GET  /api/package/PK-WISURZ 304 - - 12.168 ms
 
2022-07-12 23:04:22:422 | http : ::1 | GET  /api/package/PK-WISURZ 304 - - 15.416 ms
 
2022-07-12 23:05:09:59 | http : ::1 | GET  /api/package/PK-WISURZ 304 - - 14.667 ms
 
2022-07-12 23:06:41:641 | http : ::1 | GET  /api/package/PK-WISURZ 304 - - 16.594 ms
 
2022-07-12 23:09:37:937 | http : ::1 | GET  /api/package/PK-WISURZ 304 - - 16.378 ms
 
2022-07-12 23:10:38:1038 | http : ::1 | OPTIONS  /auth 204 0 - 1.655 ms
 
2022-07-12 23:10:39:1039 | http : ::1 | POST  /auth 201 344 - 248.598 ms
 
2022-07-12 23:47:00:470 | http : ::1 | OPTIONS  /api/delivery/undefined 204 0 - 4.266 ms
 
2022-07-12 23:47:00:470 | error : Ip:::1 | path: /api/delivery/undefined | GET | status: 404 | message : The provided id is not found 
2022-07-12 23:47:00:470 | http : ::1 | GET  /api/delivery/undefined 404 83 - 47.296 ms
 
2022-07-12 23:47:30:4730 | http : ::1 | OPTIONS  /api/delivery/undefined 204 0 - 0.545 ms
 
2022-07-12 23:47:30:4730 | error : Ip:::1 | path: /api/delivery/undefined | GET | status: 404 | message : The provided id is not found 
2022-07-12 23:47:30:4730 | http : ::1 | GET  /api/delivery/undefined 404 83 - 16.149 ms
 
2022-07-12 23:48:59:4859 | http : ::1 | OPTIONS  /api/delivery/ 204 0 - 0.768 ms
 
2022-07-12 23:48:59:4859 | http : ::1 | GET  /api/delivery/ 200 - - 44.407 ms
 
2022-07-12 23:50:06:506 | http : ::1 | OPTIONS  /api/delivery/ 204 0 - 0.574 ms
 
2022-07-12 23:50:06:506 | http : ::1 | GET  /api/delivery/ 304 - - 16.553 ms
 
2022-07-12 23:51:35:5135 | http : ::1 | OPTIONS  /api/delivery/ 204 0 - 5.015 ms
 
2022-07-12 23:51:35:5135 | http : ::1 | GET  /api/delivery/ 304 - - 82.774 ms
 
2022-07-12 23:53:34:5334 | http : ::1 | OPTIONS  /api/delivery/ 204 0 - 0.453 ms
 
2022-07-12 23:53:34:5334 | http : ::1 | GET  /api/delivery/ 304 - - 10.309 ms
 
2022-07-12 23:55:07:557 | http : ::1 | OPTIONS  /api/delivery/DL-DUECPKRB 204 0 - 0.698 ms
 
2022-07-12 23:55:07:557 | http : ::1 | GET  /api/delivery/DL-DUECPKRB 200 607 - 11.734 ms
 
2022-07-12 23:56:11:5611 | http : ::1 | OPTIONS  /api/delivery/DL-DUECPKRB 204 0 - 0.249 ms
 
2022-07-12 23:56:11:5611 | http : ::1 | GET  /api/delivery/DL-DUECPKRB 304 - - 12.569 ms
 
2022-07-13 00:02:28:228 | http : ::1 | OPTIONS  /api/delivery/DL-DUECPKRB 204 0 - 0.681 ms
 
2022-07-13 00:02:28:228 | http : ::1 | GET  /api/delivery/DL-DUECPKRB 304 - - 22.652 ms
 
2022-07-13 00:04:40:440 | http : ::1 | OPTIONS  /api/delivery/DL-DUECPKRB 204 0 - 0.329 ms
 
2022-07-13 00:04:40:440 | http : ::1 | GET  /api/delivery/DL-DUECPKRB 304 - - 8.508 ms
 
2022-07-13 00:07:54:754 | http : ::1 | OPTIONS  /api/delivery/DL-DUECPKRB 204 0 - 0.439 ms
 
2022-07-13 00:07:54:754 | http : ::1 | GET  /api/delivery/DL-DUECPKRB 304 - - 36.590 ms
 
2022-07-13 00:10:28:1028 | http : ::1 | OPTIONS  /api/delivery/DL-DUECPKRB 204 0 - 0.278 ms
 
2022-07-13 00:10:28:1028 | http : ::1 | GET  /api/delivery/DL-DUECPKRB 304 - - 7.988 ms
 
2022-07-13 00:12:21:1221 | http : ::1 | OPTIONS  /api/delivery/DL-DUECPKRB 204 0 - 0.414 ms
 
2022-07-13 00:12:21:1221 | http : ::1 | GET  /api/delivery/DL-DUECPKRB 304 - - 16.298 ms
 
2022-07-13 00:13:30:1330 | error : Ip:::1 | path: /api/package/ | GET | status: 401 | message : MISSING_TOKEN 
2022-07-13 00:13:30:1330 | http : ::1 | GET  /api/package/ 401 68 - 5.314 ms
 
2022-07-13 00:14:24:1424 | error : Ip:::1 | path: /api/package/hh | GET | status: 404 | message : The provided id is not found 
2022-07-13 00:14:24:1424 | http : ::1 | GET  /api/package/hh 404 83 - 15.022 ms
 
2022-07-13 00:19:21:1921 | http : ::1 | OPTIONS  /auth 204 0 - 0.501 ms
 
2022-07-13 00:19:21:1921 | http : ::1 | POST  /auth 201 344 - 259.899 ms
 
2022-07-13 00:19:42:1942 | http : ::1 | OPTIONS  /api/delivery/DL-DUECPKRB 204 0 - 0.567 ms
 
2022-07-13 00:19:42:1942 | http : ::1 | GET  /api/delivery/DL-DUECPKRB 304 - - 14.958 ms
 
2022-07-13 03:11:12:1112 | http : ::1 | OPTIONS  /api/delivery/DL-DUECPKRB 204 0 - 0.141 ms
 
2022-07-13 03:11:12:1112 | http : ::1 | GET  /api/delivery/DL-DUECPKRB 304 - - 5.851 ms
 
2022-07-13 03:13:20:1320 | http : ::1 | OPTIONS  /api/delivery/DL-DUECPKRB 204 0 - 0.490 ms
 
2022-07-13 03:13:20:1320 | http : ::1 | GET  /api/delivery/DL-DUECPKRB 304 - - 31.383 ms
 
2022-07-13 03:18:00:180 | http : ::1 | OPTIONS  /api/delivery/DL-DUECPKRB 204 0 - 0.646 ms
 
2022-07-13 03:18:00:180 | http : ::1 | GET  /api/delivery/DL-DUECPKRB 304 - - 15.886 ms
 
2022-07-13 03:22:05:225 | http : ::1 | OPTIONS  /api/delivery/DL-DUECPKRB 204 0 - 0.487 ms
 
2022-07-13 03:22:05:225 | http : ::1 | GET  /api/delivery/DL-DUECPKRB 304 - - 18.380 ms
 
2022-07-13 03:28:50:2850 | http : ::1 | OPTIONS  /api/delivery/DL-DUECPKRB 204 0 - 0.147 ms
 
2022-07-13 03:28:50:2850 | http : ::1 | GET  /api/delivery/DL-DUECPKRB 304 - - 8.052 ms
 
2022-07-13 03:34:45:3445 | http : ::1 | OPTIONS  /api/delivery/DL-DUECPKRB 204 0 - 0.494 ms
 
2022-07-13 03:34:45:3445 | http : ::1 | GET  /api/delivery/DL-DUECPKRB 304 - - 16.180 ms
 
2022-07-13 03:55:47:5547 | http : ::1 | OPTIONS  /api/delivery/DL-DUECPKRB 204 0 - 0.077 ms
 
2022-07-13 03:55:47:5547 | http : ::1 | GET  /api/delivery/DL-DUECPKRB 304 - - 5.227 ms
 
2022-07-13 04:07:55:755 | http : ::1 | OPTIONS  /api/delivery/DL-DUECPKRB 204 0 - 3.399 ms
 
2022-07-13 04:07:55:755 | http : ::1 | GET  /api/delivery/DL-DUECPKRB 200 652 - 18.700 ms
 
2022-07-13 04:09:46:946 | http : ::1 | OPTIONS  /api/delivery/DL-DUECPKRB 204 0 - 0.670 ms
 
2022-07-13 04:09:46:946 | http : ::1 | GET  /api/delivery/DL-DUECPKRB 200 652 - 8.260 ms
 
2022-07-13 04:15:56:1556 | http : ::1 | OPTIONS  /api/delivery/DL-DUECPKRB 204 0 - 2.884 ms
 
2022-07-13 04:15:56:1556 | http : ::1 | GET  /api/delivery/DL-DUECPKRB 200 652 - 48.257 ms
 
2022-07-13 04:32:08:328 | http : ::1 | OPTIONS  /api/delivery/DL-DUECPKRB 204 0 - 0.097 ms
 
2022-07-13 04:32:08:328 | http : ::1 | GET  /api/delivery/DL-DUECPKRB 200 652 - 11.566 ms
 
2022-07-13 04:36:44:3644 | http : ::1 | OPTIONS  /api/delivery/DL-DUECPKRB 204 0 - 0.682 ms
 
2022-07-13 04:36:44:3644 | http : ::1 | GET  /api/delivery/DL-DUECPKRB 200 652 - 8.186 ms
 
2022-07-13 04:38:07:387 | http : ::1 | OPTIONS  /api/delivery/DL-DUECPKRB 204 0 - 0.295 ms
 
2022-07-13 04:38:07:387 | http : ::1 | GET  /api/delivery/DL-DUECPKRB 200 652 - 12.338 ms
 
2022-07-13 04:39:34:3934 | http : ::1 | OPTIONS  /api/delivery/DL-DUECPKRB 204 0 - 0.393 ms
 
2022-07-13 04:39:34:3934 | http : ::1 | GET  /api/delivery/DL-DUECPKRB 200 652 - 9.430 ms
 
2022-07-13 04:39:43:3943 | http : ::1 | OPTIONS  /api/delivery/DL-DUECPKRB 204 0 - 0.873 ms
 
2022-07-13 04:39:43:3943 | http : ::1 | GET  /api/delivery/DL-DUECPKRB 304 - - 12.461 ms
 
2022-07-13 04:39:49:3949 | http : ::1 | OPTIONS  /api/delivery/DL-DUECPKRB 204 0 - 0.486 ms
 
2022-07-13 04:39:49:3949 | http : ::1 | GET  /api/delivery/DL-DUECPKRB 304 - - 13.816 ms
 
2022-07-13 04:41:05:415 | http : ::1 | OPTIONS  /api/delivery/DL-DUECPKRB 204 0 - 0.152 ms
 
2022-07-13 04:41:05:415 | http : ::1 | GET  /api/delivery/DL-DUECPKRB 304 - - 7.454 ms
 
2022-07-13 04:43:16:4316 | http : ::1 | OPTIONS  /api/delivery/DL-DUECPKRB 204 0 - 0.446 ms
 
2022-07-13 04:43:16:4316 | http : ::1 | GET  /api/delivery/DL-DUECPKRB 200 652 - 14.556 ms
 
2022-07-13 04:46:04:464 | http : ::1 | OPTIONS  /api/delivery/DL-DUECPKRB 204 0 - 0.194 ms
 
2022-07-13 04:46:05:465 | http : ::1 | GET  /api/delivery/DL-DUECPKRB 200 652 - 5.346 ms
 
2022-07-13 04:49:34:4934 | http : ::1 | OPTIONS  /api/delivery/DL-DUECPKRB 204 0 - 0.721 ms
 
2022-07-13 04:49:34:4934 | http : ::1 | GET  /api/delivery/DL-DUECPKRB 200 652 - 16.257 ms
 
2022-07-13 04:59:58:5958 | http : ::1 | OPTIONS  /api/delivery/DL-DUECPKRB 204 0 - 0.153 ms
 
2022-07-13 04:59:58:5958 | http : ::1 | GET  /api/delivery/DL-DUECPKRB 200 652 - 7.045 ms
 
2022-07-13 05:07:33:733 | http : ::1 | OPTIONS  /api/delivery/DL-DUECPKRB 204 0 - 0.136 ms
 
2022-07-13 05:07:33:733 | http : ::1 | GET  /api/delivery/DL-DUECPKRB 304 - - 3.814 ms
 
2022-07-13 05:09:20:920 | http : ::1 | OPTIONS  /api/delivery/DL-DUECPKRB 204 0 - 0.385 ms
 
2022-07-13 05:09:20:920 | http : ::1 | GET  /api/delivery/DL-DUECPKRB 200 652 - 6.475 ms
 
2022-07-13 05:10:33:1033 | http : ::1 | OPTIONS  /api/delivery/DL-DUECPKRB 204 0 - 0.451 ms
 
2022-07-13 05:10:33:1033 | http : ::1 | GET  /api/delivery/DL-DUECPKRB 200 652 - 5.417 ms
 
2022-07-13 05:18:32:1832 | http : ::1 | OPTIONS  /api/delivery/DL-DUECPKRB 204 0 - 0.106 ms
 
2022-07-13 05:18:32:1832 | http : ::1 | GET  /api/delivery/DL-DUECPKRB 304 - - 8.373 ms
 
2022-07-13 05:29:45:2945 | http : ::1 | OPTIONS  /api/delivery/DL-DUECPKRB 204 0 - 1.881 ms
 
2022-07-13 05:29:45:2945 | http : ::1 | GET  /api/delivery/DL-DUECPKRB 200 652 - 31.658 ms
 
2022-07-13 05:31:19:3119 | http : ::1 | OPTIONS  /api/delivery/DL-DUECPKRB 204 0 - 2.749 ms
 
2022-07-13 05:31:19:3119 | http : ::1 | GET  /api/delivery/DL-DUECPKRB 200 652 - 18.872 ms
 
2022-07-13 05:34:34:3434 | http : ::1 | OPTIONS  /api/delivery/DL-DUECPKRB 204 0 - 1.755 ms
 
2022-07-13 05:34:34:3434 | http : ::1 | GET  /api/delivery/DL-DUECPKRB 200 652 - 29.391 ms
 
2022-07-13 05:35:10:3510 | http : ::1 | OPTIONS  /api/delivery/DL-DUECPKRB 204 0 - 0.509 ms
 
2022-07-13 05:35:10:3510 | http : ::1 | GET  /api/delivery/DL-DUECPKRB 200 697 - 18.816 ms
 
2022-07-13 05:35:21:3521 | http : ::1 | OPTIONS  /api/delivery/DL-DUECPKRB 204 0 - 0.434 ms
 
2022-07-13 05:35:21:3521 | http : ::1 | GET  /api/delivery/DL-DUECPKRB 200 737 - 14.475 ms
 
2022-07-13 05:38:05:385 | http : ::1 | OPTIONS  /api/delivery/DL-DUECPKRB 204 0 - 0.422 ms
 
2022-07-13 05:38:05:385 | http : ::1 | GET  /api/delivery/DL-DUECPKRB 200 737 - 14.481 ms
 
